<?xml version="1.0" encoding="UTF-8"?>
<!-- Generated by org.testng.reporters.JUnitReportReporter -->
<testsuite hostname="DESKTOP-47N9RH5" failures="0" tests="7" name="com.training.cms.CalculatorTest" time="1.103" errors="0" timestamp="2024-01-04T10:51:26 IST" skipped="0">
  <testcase classname="com.training.cms.CalculatorTest" name="testDiv2" time="0.004"/>
  <testcase classname="com.training.cms.CalculatorTest" name="testAddNumbers5" time="0.019"/>
  <testcase classname="com.training.cms.CalculatorTest" name="testDiv1" time="0.012"/>
  <testcase classname="com.training.cms.CalculatorTest" name="testAddNumbers2" time="0.006"/>
  <testcase classname="com.training.cms.CalculatorTest" name="testAddNumbers3" time="0.007"/>
  <testcase classname="com.training.cms.CalculatorTest" name="testAddNumbers1" time="1.051"/>
  <testcase classname="com.training.cms.CalculatorTest" name="testAddNumbers4" time="0.004"/>
</testsuite> <!-- com.training.cms.CalculatorTest -->
