<?xml version="1.0" encoding="UTF-8"?>
<!-- Generated by org.testng.reporters.JUnitReportReporter -->
<testsuite hostname="DESKTOP-47N9RH5" failures="0" tests="1" name="testnggradle.LibraryTest" time="0.017" errors="0" timestamp="2024-01-03T21:37:23 IST" skipped="0">
  <testcase classname="testnggradle.LibraryTest" name="getMessageTest" time="0.017"/>
</testsuite> <!-- testnggradle.LibraryTest -->
