<?xml version="1.0" encoding="UTF-8"?>
<!-- Generated by org.testng.reporters.JUnitReportReporter -->
<testsuite hostname="DESKTOP-47N9RH5" failures="0" tests="1" name="com.training.cms.AmazonTest" time="8.391" errors="0" timestamp="2024-01-03T13:52:57 IST" skipped="0">
  <testcase classname="com.training.cms.AmazonTest" name="amazonTest1" time="8.391"/>
  <system-out/>
</testsuite> <!-- com.training.cms.AmazonTest -->
