<?xml version="1.0" encoding="UTF-8"?>
<!-- Generated by org.testng.reporters.JUnitReportReporter -->
<testsuite hostname="DESKTOP-47N9RH5" failures="0" tests="4" name="com.training.cms.restapitesting.ProductAPITest" time="11.169" errors="0" timestamp="2024-01-03T13:57:49 IST" skipped="0">
  <testcase classname="com.training.cms.restapitesting.ProductAPITest" name="postRequestProduct1" time="3.997"/>
  <system-out/>
  <testcase classname="com.training.cms.restapitesting.ProductAPITest" name="getRequest1" time="2.973"/>
  <system-out/>
  <testcase classname="com.training.cms.restapitesting.ProductAPITest" name="putRequestProduct1" time="2.104"/>
  <system-out/>
  <testcase classname="com.training.cms.restapitesting.ProductAPITest" name="deleteRequestProduct1" time="2.095"/>
  <system-out/>
</testsuite> <!-- com.training.cms.restapitesting.ProductAPITest -->
